<?xml version="1.0" encoding="UTF-8"?>
<testsuite name="com.griddynamics.rpg.AppTest" tests="2" skipped="0" failures="0" errors="0" timestamp="2018-12-10T15:53:50" hostname="ykinash-wf" time="0.009">
  <properties/>
  <testcase name="mySecondTest()" classname="com.griddynamics.rpg.AppTest" time="0.007"/>
  <testcase name="myFirstTest()" classname="com.griddynamics.rpg.AppTest" time="0.001"/>
  <system-out><![CDATA[]]></system-out>
  <system-err><![CDATA[]]></system-err>
</testsuite>
